<?xml version="1.0" encoding="UTF-8"?>
<!-- Generated by org.testng.reporters.JUnitXMLReporter -->
<testsuite hostname="DESKTOP-KG66QG6" ignored="2" name="BaseTest" tests="3" failures="0" timestamp="19 Jun 2020 15:14:41 GMT" time="60.684" errors="0">
  <testcase name="licensce" time="15.927" classname="Academy.tests.TestLicenscePage"/>
  <testcase name="login" time="12.58" classname="Academy.tests.TestLoginPage"/>
  <testcase name="timeTrack" time="13.142" classname="Academy.tests.TestTimeTrackPage"/>
  <testcase name="@AfterSuite reports" time="0.0" classname="Academy.resources.Base">
    <ignored/>
  </testcase> <!-- @AfterSuite reports -->
  <testcase name="@AfterSuite reports" time="0.0" classname="Academy.resources.Base">
    <ignored/>
  </testcase> <!-- @AfterSuite reports -->
</testsuite> <!-- BaseTest -->
