<?xml version="1.0" encoding="UTF-8"?>
<!-- Generated by org.testng.reporters.JUnitXMLReporter -->
<testsuite hostname="DESKTOP-KG66QG6" ignored="0" name="Test1" tests="1" failures="1" timestamp="22 Jun 2020 06:53:45 GMT" time="8.042" errors="0">
  <testcase name="fail" time="0.015" classname="Academy.tests.FailTest">
    <failure type="java.lang.AssertionError" message="expected [true] but found [false]">
      <![CDATA[java.lang.AssertionError: expected [true] but found [false]
	at Academy.tests.FailTest.fail(FailTest.java:13)
... Removed 29 stack frames]]>
    </failure>
  </testcase> <!-- fail -->
</testsuite> <!-- Test1 -->
