<?xml version="1.0" encoding="UTF-8"?>
<testsuite xmlns:xsi="http://www.w3.org/2001/XMLSchema-instance" xsi:noNamespaceSchemaLocation="https://maven.apache.org/surefire/maven-surefire-plugin/xsd/surefire-test-report-3.0.xsd" version="3.0" name="TestSuite" time="116.968" tests="6" errors="0" skipped="0" failures="4">
  <properties>
[...]
</properties>
  <testcase name="fail" classname="Academy.tests.FailTest" time="0.005">
    <failure message="expected [true] but found [false]" type="java.lang.AssertionError"><![CDATA[java.lang.AssertionError: expected [true] but found [false]
	at Academy.tests.FailTest.fail(FailTest.java:13)
]]></failure>
    <system-out><![CDATA[[TestNGContentHandler] [WARN] It is strongly recommended to add "<!DOCTYPE suite SYSTEM "https://testng.org/testng-1.0.dtd" >" at the top of your file, otherwise TestNG may fail or not work as expected.
]]></system-out>
    <system-err><![CDATA[Starting ChromeDriver 83.0.4103.39 (ccbf011cb2d2b19b506d844400483861342c20cd-refs/branch-heads/4103@{#416}) on port 27897
Only local connections are allowed.
Please see https://chromedriver.chromium.org/security-considerations for suggestions on keeping ChromeDriver safe.
ChromeDriver was started successfully.
Jun 27, 2020 8:59:58 PM org.openqa.selenium.remote.ProtocolHandshake createSession
INFO: Detected dialect: W3C
]]></system-err>
  </testcase>
  <testcase name="login" classname="Academy.tests.LoginPageTest" time="24.072">
    <system-out><![CDATA[The title is true--->actiTIME - Login
The title is true--->actiTIME - Enter Time-Track
]]></system-out>
    <system-err><![CDATA[Starting ChromeDriver 83.0.4103.39 (ccbf011cb2d2b19b506d844400483861342c20cd-refs/branch-heads/4103@{#416}) on port 30570
Only local connections are allowed.
Please see https://chromedriver.chromium.org/security-considerations for suggestions on keeping ChromeDriver safe.
ChromeDriver was started successfully.
Jun 27, 2020 9:00:06 PM org.openqa.selenium.remote.ProtocolHandshake createSession
INFO: Detected dialect: W3C
]]></system-err>
  </testcase>
  <testcase name="timeTrack" classname="Academy.tests.TimeTrackPageTest" time="13.564">
    <system-out><![CDATA[The title is true--->actiTIME - Login
The title is true--->actiTIME - Enter Time-Track
The title is true--->actiTIME - Licenses
]]></system-out>
    <system-err><![CDATA[Starting ChromeDriver 83.0.4103.39 (ccbf011cb2d2b19b506d844400483861342c20cd-refs/branch-heads/4103@{#416}) on port 45121
Only local connections are allowed.
Please see https://chromedriver.chromium.org/security-considerations for suggestions on keeping ChromeDriver safe.
ChromeDriver was started successfully.
Jun 27, 2020 9:00:36 PM org.openqa.selenium.remote.ProtocolHandshake createSession
INFO: Detected dialect: W3C
]]></system-err>
  </testcase>
  <testcase name="licensce" classname="Academy.tests.LicenscePageTest" time="21.108">
    <failure message="chrome not reachable&#10;  (Session info: chrome=83.0.4103.116)&#10;Build info: version: &apos;3.141.59&apos;, revision: &apos;e82be7d358&apos;, time: &apos;2018-11-14T08:17:03&apos;&#10;System info: host: &apos;DESKTOP-KG66QG6&apos;, ip: &apos;192.168.73.1&apos;, os.name: &apos;Windows 10&apos;, os.arch: &apos;amd64&apos;, os.version: &apos;10.0&apos;, java.version: &apos;13.0.1&apos;&#10;Driver info: org.openqa.selenium.chrome.ChromeDriver&#10;Capabilities {acceptInsecureCerts: false, browserName: chrome, browserVersion: 83.0.4103.116, chrome: {chromedriverVersion: 83.0.4103.39 (ccbf011cb2d2b..., userDataDir: C:\Users\Krishna\AppData\Lo...}, goog:chromeOptions: {debuggerAddress: localhost:60136}, javascriptEnabled: true, networkConnectionEnabled: false, pageLoadStrategy: normal, platform: WINDOWS, platformName: WINDOWS, proxy: Proxy(), setWindowRect: true, strictFileInteractability: false, timeouts: {implicit: 0, pageLoad: 300000, script: 30000}, unhandledPromptBehavior: dismiss and notify, webauthn:virtualAuthenticators: true}&#10;Session ID: 21aac538fc9d93c2f503310f22c5d5d8" type="org.openqa.selenium.WebDriverException"><![CDATA[org.openqa.selenium.WebDriverException: 
chrome not reachable
  (Session info: chrome=83.0.4103.116)
Build info: version: '3.141.59', revision: 'e82be7d358', time: '2018-11-14T08:17:03'
System info: host: 'DESKTOP-KG66QG6', ip: '192.168.73.1', os.name: 'Windows 10', os.arch: 'amd64', os.version: '10.0', java.version: '13.0.1'
Driver info: org.openqa.selenium.chrome.ChromeDriver
Capabilities {acceptInsecureCerts: false, browserName: chrome, browserVersion: 83.0.4103.116, chrome: {chromedriverVersion: 83.0.4103.39 (ccbf011cb2d2b..., userDataDir: C:\Users\Krishna\AppData\Lo...}, goog:chromeOptions: {debuggerAddress: localhost:60136}, javascriptEnabled: true, networkConnectionEnabled: false, pageLoadStrategy: normal, platform: WINDOWS, platformName: WINDOWS, proxy: Proxy(), setWindowRect: true, strictFileInteractability: false, timeouts: {implicit: 0, pageLoad: 300000, script: 30000}, unhandledPromptBehavior: dismiss and notify, webauthn:virtualAuthenticators: true}
Session ID: 21aac538fc9d93c2f503310f22c5d5d8
	at Academy.tests.LicenscePageTest.licensce(LicenscePageTest.java:23)
]]></failure>
    <system-err><![CDATA[Starting ChromeDriver 83.0.4103.39 (ccbf011cb2d2b19b506d844400483861342c20cd-refs/branch-heads/4103@{#416}) on port 22351
Only local connections are allowed.
Please see https://chromedriver.chromium.org/security-considerations for suggestions on keeping ChromeDriver safe.
ChromeDriver was started successfully.
Jun 27, 2020 9:00:56 PM org.openqa.selenium.remote.ProtocolHandshake createSession
INFO: Detected dialect: W3C
[1593271872.450][WARNING]: Timed out connecting to Chrome, retrying...
]]></system-err>
  </testcase>
  <testcase name="tearDown[[TestResult name=licensce status=FAILURE method=LicenscePageTest.licensce()[pri:0, instance:Academy.tests.LicenscePageTest@a82c5f1] output={null}]](0)" classname="Academy.tests.LicenscePageTest" time="33.136">
    <failure message="chrome not reachable&#10;  (Session info: chrome=83.0.4103.116)&#10;Build info: version: &apos;3.141.59&apos;, revision: &apos;e82be7d358&apos;, time: &apos;2018-11-14T08:17:03&apos;&#10;System info: host: &apos;DESKTOP-KG66QG6&apos;, ip: &apos;192.168.73.1&apos;, os.name: &apos;Windows 10&apos;, os.arch: &apos;amd64&apos;, os.version: &apos;10.0&apos;, java.version: &apos;13.0.1&apos;&#10;Driver info: org.openqa.selenium.chrome.ChromeDriver&#10;Capabilities {acceptInsecureCerts: false, browserName: chrome, browserVersion: 83.0.4103.116, chrome: {chromedriverVersion: 83.0.4103.39 (ccbf011cb2d2b..., userDataDir: C:\Users\Krishna\AppData\Lo...}, goog:chromeOptions: {debuggerAddress: localhost:60136}, javascriptEnabled: true, networkConnectionEnabled: false, pageLoadStrategy: normal, platform: WINDOWS, platformName: WINDOWS, proxy: Proxy(), setWindowRect: true, strictFileInteractability: false, timeouts: {implicit: 0, pageLoad: 300000, script: 30000}, unhandledPromptBehavior: dismiss and notify, webauthn:virtualAuthenticators: true}&#10;Session ID: 21aac538fc9d93c2f503310f22c5d5d8" type="org.openqa.selenium.WebDriverException"><![CDATA[org.openqa.selenium.WebDriverException: 
chrome not reachable
  (Session info: chrome=83.0.4103.116)
Build info: version: '3.141.59', revision: 'e82be7d358', time: '2018-11-14T08:17:03'
System info: host: 'DESKTOP-KG66QG6', ip: '192.168.73.1', os.name: 'Windows 10', os.arch: 'amd64', os.version: '10.0', java.version: '13.0.1'
Driver info: org.openqa.selenium.chrome.ChromeDriver
Capabilities {acceptInsecureCerts: false, browserName: chrome, browserVersion: 83.0.4103.116, chrome: {chromedriverVersion: 83.0.4103.39 (ccbf011cb2d2b..., userDataDir: C:\Users\Krishna\AppData\Lo...}, goog:chromeOptions: {debuggerAddress: localhost:60136}, javascriptEnabled: true, networkConnectionEnabled: false, pageLoadStrategy: normal, platform: WINDOWS, platformName: WINDOWS, proxy: Proxy(), setWindowRect: true, strictFileInteractability: false, timeouts: {implicit: 0, pageLoad: 300000, script: 30000}, unhandledPromptBehavior: dismiss and notify, webauthn:virtualAuthenticators: true}
Session ID: 21aac538fc9d93c2f503310f22c5d5d8
]]></failure>
    <system-err><![CDATA[[1593271884.504][WARNING]: Timed out connecting to Chrome, retrying...
]]></system-err>
  </testcase>
  <testcase name="feature[LoginPage into actiTIME Application](1)" classname="cucumberOptions.TestRunner" time="13.97">
    <failure message="org.openqa.selenium.SessionNotCreatedException: session not created&#10;from chrome not reachable&#10;  (Session info: chrome=83.0.4103.116)&#10;Build info: version: &apos;3.141.59&apos;, revision: &apos;e82be7d358&apos;, time: &apos;2018-11-14T08:17:03&apos;&#10;System info: host: &apos;DESKTOP-KG66QG6&apos;, ip: &apos;192.168.73.1&apos;, os.name: &apos;Windows 10&apos;, os.arch: &apos;amd64&apos;, os.version: &apos;10.0&apos;, java.version: &apos;13.0.1&apos;&#10;Driver info: driver.version: ChromeDriver&#10;remote stacktrace: Backtrace:&#10;	Ordinal0 [0x00639563+2725219]&#10;	Ordinal0 [0x00538551+1672529]&#10;	Ordinal0 [0x00420202+524802]&#10;	Ordinal0 [0x004199B2+498098]&#10;	Ordinal0 [0x0041A09B+499867]&#10;	Ordinal0 [0x0041AFF5+503797]&#10;	Ordinal0 [0x00416994+485780]&#10;	Ordinal0 [0x00420FF0+528368]&#10;	Ordinal0 [0x003CD6C9+186057]&#10;	Ordinal0 [0x003CCA3D+182845]&#10;	Ordinal0 [0x003CA94B+174411]&#10;	Ordinal0 [0x003B2528+75048]&#10;	Ordinal0 [0x003B35A0+79264]&#10;	Ordinal0 [0x003B3539+79161]&#10;	Ordinal0 [0x0054D607+1758727]&#10;	GetHandleVerifier [0x00756546+1050150]&#10;	GetHandleVerifier [0x00756291+1049457]&#10;	GetHandleVerifier [0x007610D7+1094071]&#10;	GetHandleVerifier [0x00756B46+1051686]&#10;	Ordinal0 [0x00545B06+1727238]&#10;	Ordinal0 [0x0054EB7B+1764219]&#10;	Ordinal0 [0x0054ECE3+1764579]&#10;	Ordinal0 [0x00564C05+1854469]&#10;	BaseThreadInitThunk [0x75B06359+25]&#10;	RtlGetAppContainerNamedObjectPath [0x77A67C24+228]&#10;	RtlGetAppContainerNamedObjectPath [0x77A67BF4+180]&#10;" type="cucumber.runtime.CucumberException"><![CDATA[cucumber.runtime.CucumberException: 
org.openqa.selenium.SessionNotCreatedException: session not created
from chrome not reachable
  (Session info: chrome=83.0.4103.116)
Build info: version: '3.141.59', revision: 'e82be7d358', time: '2018-11-14T08:17:03'
System info: host: 'DESKTOP-KG66QG6', ip: '192.168.73.1', os.name: 'Windows 10', os.arch: 'amd64', os.version: '10.0', java.version: '13.0.1'
Driver info: driver.version: ChromeDriver
remote stacktrace: Backtrace:
	Ordinal0 [0x00639563+2725219]
	Ordinal0 [0x00538551+1672529]
	Ordinal0 [0x00420202+524802]
	Ordinal0 [0x004199B2+498098]
	Ordinal0 [0x0041A09B+499867]
	Ordinal0 [0x0041AFF5+503797]
	Ordinal0 [0x00416994+485780]
	Ordinal0 [0x00420FF0+528368]
	Ordinal0 [0x003CD6C9+186057]
	Ordinal0 [0x003CCA3D+182845]
	Ordinal0 [0x003CA94B+174411]
	Ordinal0 [0x003B2528+75048]
	Ordinal0 [0x003B35A0+79264]
	Ordinal0 [0x003B3539+79161]
	Ordinal0 [0x0054D607+1758727]
	GetHandleVerifier [0x00756546+1050150]
	GetHandleVerifier [0x00756291+1049457]
	GetHandleVerifier [0x007610D7+1094071]
	GetHandleVerifier [0x00756B46+1051686]
	Ordinal0 [0x00545B06+1727238]
	Ordinal0 [0x0054EB7B+1764219]
	Ordinal0 [0x0054ECE3+1764579]
	Ordinal0 [0x00564C05+1854469]
	BaseThreadInitThunk [0x75B06359+25]
	RtlGetAppContainerNamedObjectPath [0x77A67C24+228]
	RtlGetAppContainerNamedObjectPath [0x77A67BF4+180]

Caused by: org.openqa.selenium.SessionNotCreatedException: 
session not created
from chrome not reachable
  (Session info: chrome=83.0.4103.116)
Build info: version: '3.141.59', revision: 'e82be7d358', time: '2018-11-14T08:17:03'
System info: host: 'DESKTOP-KG66QG6', ip: '192.168.73.1', os.name: 'Windows 10', os.arch: 'amd64', os.version: '10.0', java.version: '13.0.1'
Driver info: driver.version: ChromeDriver
remote stacktrace: Backtrace:
	Ordinal0 [0x00639563+2725219]
	Ordinal0 [0x00538551+1672529]
	Ordinal0 [0x00420202+524802]
	Ordinal0 [0x004199B2+498098]
	Ordinal0 [0x0041A09B+499867]
	Ordinal0 [0x0041AFF5+503797]
	Ordinal0 [0x00416994+485780]
	Ordinal0 [0x00420FF0+528368]
	Ordinal0 [0x003CD6C9+186057]
	Ordinal0 [0x003CCA3D+182845]
	Ordinal0 [0x003CA94B+174411]
	Ordinal0 [0x003B2528+75048]
	Ordinal0 [0x003B35A0+79264]
	Ordinal0 [0x003B3539+79161]
	Ordinal0 [0x0054D607+1758727]
	GetHandleVerifier [0x00756546+1050150]
	GetHandleVerifier [0x00756291+1049457]
	GetHandleVerifier [0x007610D7+1094071]
	GetHandleVerifier [0x00756B46+1051686]
	Ordinal0 [0x00545B06+1727238]
	Ordinal0 [0x0054EB7B+1764219]
	Ordinal0 [0x0054ECE3+1764579]
	Ordinal0 [0x00564C05+1854469]
	BaseThreadInitThunk [0x75B06359+25]
	RtlGetAppContainerNamedObjectPath [0x77A67C24+228]
	RtlGetAppContainerNamedObjectPath [0x77A67BF4+180]

]]></failure>
    <system-out><![CDATA[com.relevantcodes.extentreports.ExtentTestInterruptedException: Close was called before test could end safely using EndTest.
	at com.relevantcodes.extentreports.Report.terminate(Report.java:425)
	at com.relevantcodes.extentreports.ExtentReports.close(ExtentReports.java:917)
	at Academy.resources.Base.endReport(Base.java:81)
	at java.base/jdk.internal.reflect.NativeMethodAccessorImpl.invoke0(Native Method)
	at java.base/jdk.internal.reflect.NativeMethodAccessorImpl.invoke(NativeMethodAccessorImpl.java:62)
	at java.base/jdk.internal.reflect.DelegatingMethodAccessorImpl.invoke(DelegatingMethodAccessorImpl.java:43)
	at java.base/java.lang.reflect.Method.invoke(Method.java:567)
	at org.testng.internal.MethodInvocationHelper.invokeMethod(MethodInvocationHelper.java:134)
	at org.testng.internal.MethodInvocationHelper.invokeMethodConsideringTimeout(MethodInvocationHelper.java:63)
	at org.testng.internal.ConfigInvoker.invokeConfigurationMethod(ConfigInvoker.java:348)
	at org.testng.internal.ConfigInvoker.invokeConfigurations(ConfigInvoker.java:302)
	at org.testng.TestRunner.invokeTestConfigurations(TestRunner.java:619)
	at org.testng.TestRunner.afterRun(TestRunner.java:849)
	at org.testng.TestRunner.run(TestRunner.java:590)
	at org.testng.SuiteRunner.runTest(SuiteRunner.java:384)
	at org.testng.SuiteRunner.runSequentially(SuiteRunner.java:378)
	at org.testng.SuiteRunner.privateRun(SuiteRunner.java:337)
	at org.testng.SuiteRunner.run(SuiteRunner.java:286)
	at org.testng.SuiteRunnerWorker.runSuite(SuiteRunnerWorker.java:53)
	at org.testng.SuiteRunnerWorker.run(SuiteRunnerWorker.java:96)
	at org.testng.TestNG.runSuitesSequentially(TestNG.java:1187)
	at org.testng.TestNG.runSuitesLocally(TestNG.java:1109)
	at org.testng.TestNG.runSuites(TestNG.java:1039)
	at org.testng.TestNG.run(TestNG.java:1007)
	at org.apache.maven.surefire.testng.TestNGExecutor.run(TestNGExecutor.java:284)
	at org.apache.maven.surefire.testng.TestNGXmlTestSuite.execute(TestNGXmlTestSuite.java:75)
	at org.apache.maven.surefire.testng.TestNGProvider.invoke(TestNGProvider.java:119)
	at org.apache.maven.surefire.booter.ForkedBooter.runSuitesInProcess(ForkedBooter.java:428)
	at org.apache.maven.surefire.booter.ForkedBooter.execute(ForkedBooter.java:162)
	at org.apache.maven.surefire.booter.ForkedBooter.run(ForkedBooter.java:562)
	at org.apache.maven.surefire.booter.ForkedBooter.main(ForkedBooter.java:548)

]]></system-out>
    <system-err><![CDATA[Starting ChromeDriver 83.0.4103.39 (ccbf011cb2d2b19b506d844400483861342c20cd-refs/branch-heads/4103@{#416}) on port 27749
Only local connections are allowed.
Please see https://chromedriver.chromium.org/security-considerations for suggestions on keeping ChromeDriver safe.
ChromeDriver was started successfully.
[1593271900.053][WARNING]: Timed out connecting to Chrome, retrying...
]]></system-err>
  </testcase>
</testsuite>