<?xml version="1.0" encoding="UTF-8"?>
<testng-results skipped="0" failed="0" ignored="0" total="1" passed="1">
  <reporter-output>
  </reporter-output>
  <suite name="Default suite" duration-ms="16903" started-at="2020-06-27T14:53:23Z" finished-at="2020-06-27T14:53:40Z">
    <groups>
      <group name="cucumber">
        <method signature="AbstractTestNGCucumberTests.feature(cucumber.api.testng.CucumberFeatureWrapper)[pri:0, instance:cucumberOptions.TestRunner@5bcab519]" name="feature" class="cucumber.api.testng.AbstractTestNGCucumberTests"/>
      </group> <!-- cucumber -->
    </groups>
    <test name="Default test" duration-ms="16903" started-at="2020-06-27T14:53:23Z" finished-at="2020-06-27T14:53:40Z">
      <class name="cucumberOptions.TestRunner">
        <test-method status="PASS" signature="setUpClass()[pri:0, instance:cucumberOptions.TestRunner@5bcab519]" name="setUpClass" is-config="true" duration-ms="217" started-at="2020-06-27T20:23:23Z" finished-at="2020-06-27T20:23:24Z">
          <reporter-output>
          </reporter-output>
        </test-method> <!-- setUpClass -->
        <test-method status="PASS" signature="feature(cucumber.api.testng.CucumberFeatureWrapper)[pri:0, instance:cucumberOptions.TestRunner@5bcab519]" name="feature" duration-ms="16598" started-at="2020-06-27T20:23:24Z" description="Runs Cucumber Feature" data-provider="features" finished-at="2020-06-27T20:23:40Z">
          <params>
            <param index="0">
              <value>
                <![CDATA[LoginPage into actiTIME Application]]>
              </value>
            </param>
          </params>
          <reporter-output>
          </reporter-output>
        </test-method> <!-- feature -->
        <test-method status="PASS" signature="tearDownClass()[pri:0, instance:cucumberOptions.TestRunner@5bcab519]" name="tearDownClass" is-config="true" duration-ms="4" started-at="2020-06-27T20:23:40Z" finished-at="2020-06-27T20:23:40Z">
          <reporter-output>
          </reporter-output>
        </test-method> <!-- tearDownClass -->
      </class> <!-- cucumberOptions.TestRunner -->
    </test> <!-- Default test -->
  </suite> <!-- Default suite -->
</testng-results>
